[2023-06-18T16:42:35.966] [DEBUG] cheese - login => username:admin,password:123456
[2023-06-18T16:42:35.967] [DEBUG] cheese - admin
[2023-06-18T16:42:35.973] [DEBUG] cheese - { inspect: [Function: inspect] }
[2023-06-18T16:42:35.975] [DEBUG] cheese - 查询失败
[2023-06-18T16:44:13.827] [DEBUG] cheese - login => username:admin,password:12345678
[2023-06-18T16:44:13.827] [DEBUG] cheese - admin
[2023-06-18T16:44:13.828] [DEBUG] cheese - { inspect: [Function: inspect] }
[2023-06-18T16:44:13.829] [DEBUG] cheese - 查询失败
[2023-06-18T16:59:51.306] [DEBUG] cheese - login => username:admin,password:12345678
[2023-06-18T16:59:51.306] [DEBUG] cheese - admin
[2023-06-18T16:59:51.315] [DEBUG] cheese - { inspect: [Function: inspect] }
[2023-06-18T16:59:51.315] [DEBUG] cheese - 查询失败
[2023-06-18T16:59:52.280] [DEBUG] cheese - login => username:admin,password:12345678
[2023-06-18T16:59:52.281] [DEBUG] cheese - admin
[2023-06-18T16:59:52.295] [DEBUG] cheese - { inspect: [Function: inspect] }
[2023-06-18T16:59:52.295] [DEBUG] cheese - 查询失败
[2023-06-18T16:59:58.412] [DEBUG] cheese - login => username:admin,password:123456
[2023-06-18T16:59:58.412] [DEBUG] cheese - admin
[2023-06-18T16:59:58.427] [DEBUG] cheese - { inspect: [Function: inspect] }
[2023-06-18T16:59:58.427] [DEBUG] cheese - 查询失败
[2023-06-18T16:59:59.066] [DEBUG] cheese - login => username:admin,password:123456
[2023-06-18T16:59:59.066] [DEBUG] cheese - admin
[2023-06-18T16:59:59.080] [DEBUG] cheese - { inspect: [Function: inspect] }
[2023-06-18T16:59:59.081] [DEBUG] cheese - 查询失败
[2023-06-18T17:06:12.722] [DEBUG] cheese - login => username:admin,password:123456
[2023-06-18T17:06:12.723] [DEBUG] cheese - admin
[2023-06-18T17:06:12.729] [DEBUG] cheese - null
[2023-06-18T17:06:12.730] [DEBUG] cheese - null
[2023-06-19T16:45:34.842] [DEBUG] cheese - login => username:admin,password:123456
[2023-06-19T16:45:34.858] [DEBUG] cheese - admin
[2023-06-19T16:45:34.877] [DEBUG] cheese - null
[2023-06-19T16:45:34.877] [DEBUG] cheese - null
[2023-06-19T16:53:51.968] [DEBUG] cheese - login => username:123456,password:123456
[2023-06-19T16:53:51.969] [DEBUG] cheese - 123456
[2023-06-19T16:53:51.989] [DEBUG] cheese - null
[2023-06-19T16:53:51.990] [DEBUG] cheese - null
[2023-06-19T16:59:08.395] [DEBUG] cheese - login => username:123456,password:123456
[2023-06-19T16:59:08.397] [DEBUG] cheese - 123456
[2023-06-19T16:59:08.413] [DEBUG] cheese - null
[2023-06-19T16:59:08.413] [DEBUG] cheese - null
[2023-06-19T17:03:08.944] [DEBUG] cheese - login => username:123456,password:123456
[2023-06-19T17:03:08.945] [DEBUG] cheese - 123456
[2023-06-19T17:03:08.956] [DEBUG] cheese - null
[2023-06-19T17:03:08.958] [DEBUG] cheese - null
[2023-06-19T17:03:11.830] [DEBUG] cheese - login => username:123456,password:123456
[2023-06-19T17:03:11.831] [DEBUG] cheese - 123456
[2023-06-19T17:03:11.840] [DEBUG] cheese - null
[2023-06-19T17:03:11.840] [DEBUG] cheese - null
[2023-06-19T17:24:51.426] [DEBUG] cheese - login => username:123456,password:123456
[2023-06-19T17:24:51.427] [DEBUG] cheese - 123456
[2023-06-19T17:24:51.442] [DEBUG] cheese - null
[2023-06-19T17:24:51.443] [DEBUG] cheese - null
[2023-06-19T17:25:26.482] [DEBUG] cheese - login => username:admin,password:123456
[2023-06-19T17:25:26.483] [DEBUG] cheese - admin
[2023-06-19T17:25:26.495] [DEBUG] cheese - null
[2023-06-19T17:25:26.496] [DEBUG] cheese - null
[2023-06-19T17:25:34.742] [DEBUG] cheese - login => username:admin,password:123456
[2023-06-19T17:25:34.742] [DEBUG] cheese - admin
[2023-06-19T17:25:34.749] [DEBUG] cheese - null
[2023-06-19T17:25:34.750] [DEBUG] cheese - null
[2023-06-19T17:28:23.864] [DEBUG] cheese - login => username:admin,password:123456
[2023-06-19T17:28:23.864] [DEBUG] cheese - admin
[2023-06-19T17:28:23.876] [DEBUG] cheese - null
[2023-06-19T17:28:23.877] [DEBUG] cheese - null
[2023-06-19T17:28:59.914] [DEBUG] cheese - login => username:admin,password:123456
[2023-06-19T17:28:59.915] [DEBUG] cheese - admin
[2023-06-19T17:28:59.918] [DEBUG] cheese - null
[2023-06-19T17:28:59.918] [DEBUG] cheese - null
[2023-06-19T17:29:22.371] [DEBUG] cheese - login => username:admin,password:123456
[2023-06-19T17:29:22.372] [DEBUG] cheese - admin
[2023-06-19T17:29:22.379] [DEBUG] cheese - null
[2023-06-19T17:29:22.380] [DEBUG] cheese - null
[2023-06-19T17:32:14.067] [DEBUG] cheese - login => username:admin,password:123456
[2023-06-19T17:32:14.068] [DEBUG] cheese - admin
[2023-06-19T17:32:14.080] [DEBUG] cheese - null
[2023-06-19T17:32:14.080] [DEBUG] cheese - null
[2023-06-19T17:38:00.627] [DEBUG] cheese - login => username:admin,password:123456
[2023-06-19T17:38:00.627] [DEBUG] cheese - admin
[2023-06-19T17:38:00.644] [DEBUG] cheese - null
[2023-06-19T17:38:00.645] [DEBUG] cheese - null
[2023-06-19T17:58:42.128] [DEBUG] cheese - login => username:admin,password:123456
[2023-06-19T17:58:42.129] [DEBUG] cheese - admin
[2023-06-19T17:58:42.147] [DEBUG] cheese - null
[2023-06-19T17:58:42.148] [DEBUG] cheese - null
[2023-06-19T17:59:16.106] [DEBUG] cheese - login => username:admin,password:123456
[2023-06-19T17:59:16.107] [DEBUG] cheese - admin
[2023-06-19T17:59:16.124] [DEBUG] cheese - null
[2023-06-19T17:59:16.125] [DEBUG] cheese - null
[2023-06-19T19:42:13.657] [DEBUG] cheese - login => username:admin,password:123456
[2023-06-19T19:42:13.659] [DEBUG] cheese - admin
[2023-06-19T19:42:13.676] [DEBUG] cheese - null
[2023-06-19T19:42:13.676] [DEBUG] cheese - null
[2023-06-19T19:55:01.124] [DEBUG] cheese - login => username:admin,password:123456
[2023-06-19T19:55:01.124] [DEBUG] cheese - admin
[2023-06-19T19:55:01.138] [DEBUG] cheese - null
[2023-06-19T19:55:01.138] [DEBUG] cheese - null
[2023-06-19T19:56:03.198] [DEBUG] cheese - login => username:admin,password:123456
[2023-06-19T19:56:03.198] [DEBUG] cheese - admin
[2023-06-19T19:56:03.204] [DEBUG] cheese - null
[2023-06-19T19:56:03.204] [DEBUG] cheese - null
[2023-06-19T20:01:51.202] [DEBUG] cheese - login => username:admin,password:123456
[2023-06-19T20:01:51.203] [DEBUG] cheese - admin
[2023-06-19T20:01:51.219] [DEBUG] cheese - null
[2023-06-19T20:01:51.219] [DEBUG] cheese - null
[2023-06-19T20:03:32.622] [DEBUG] cheese - login => username:admin,password:123456
[2023-06-19T20:03:32.623] [DEBUG] cheese - admin
[2023-06-19T20:03:32.630] [DEBUG] cheese - null
[2023-06-19T20:03:32.630] [DEBUG] cheese - null
[2023-06-19T20:04:22.297] [DEBUG] cheese - login => username:admin,password:123456
[2023-06-19T20:04:22.298] [DEBUG] cheese - admin
[2023-06-19T20:04:22.306] [DEBUG] cheese - null
[2023-06-19T20:04:22.307] [DEBUG] cheese - null
[2023-06-19T20:05:39.056] [DEBUG] cheese - login => username:admin,password:123456
[2023-06-19T20:05:39.057] [DEBUG] cheese - admin
[2023-06-19T20:05:39.064] [DEBUG] cheese - null
[2023-06-19T20:05:39.065] [DEBUG] cheese - null
[2023-06-19T20:05:49.843] [DEBUG] cheese - login => username:admin,password:1234565
[2023-06-19T20:05:49.844] [DEBUG] cheese - admin
[2023-06-19T20:05:49.849] [DEBUG] cheese - null
[2023-06-19T20:05:49.849] [DEBUG] cheese - null
[2023-06-19T20:05:56.378] [DEBUG] cheese - login => username:admin,password:1234565
[2023-06-19T20:05:56.379] [DEBUG] cheese - admin
[2023-06-19T20:05:56.387] [DEBUG] cheese - null
[2023-06-19T20:05:56.388] [DEBUG] cheese - null
[2023-06-19T20:06:50.760] [DEBUG] cheese - login => username:admin,password:123456
[2023-06-19T20:06:50.760] [DEBUG] cheese - admin
[2023-06-19T20:06:50.765] [DEBUG] cheese - null
[2023-06-19T20:06:50.765] [DEBUG] cheese - null
[2023-06-19T20:06:58.030] [DEBUG] cheese - login => username:admin,password:123456
[2023-06-19T20:06:58.030] [DEBUG] cheese - admin
[2023-06-19T20:06:58.032] [DEBUG] cheese - null
[2023-06-19T20:06:58.033] [DEBUG] cheese - null
[2023-06-19T20:07:03.927] [DEBUG] cheese - login => username:admin,password:123456
[2023-06-19T20:07:03.928] [DEBUG] cheese - admin
[2023-06-19T20:07:03.941] [DEBUG] cheese - null
[2023-06-19T20:07:03.941] [DEBUG] cheese - null
[2023-06-19T20:07:13.230] [DEBUG] cheese - login => username:admin,password:123456
[2023-06-19T20:07:13.231] [DEBUG] cheese - admin
[2023-06-19T20:07:13.240] [DEBUG] cheese - null
[2023-06-19T20:07:13.241] [DEBUG] cheese - null
[2023-06-19T20:07:19.727] [DEBUG] cheese - login => username:admin,password:123456
[2023-06-19T20:07:19.727] [DEBUG] cheese - admin
[2023-06-19T20:07:19.741] [DEBUG] cheese - null
[2023-06-19T20:07:19.741] [DEBUG] cheese - null
[2023-06-20T08:19:41.841] [DEBUG] cheese - login => username:admin,password:123456
[2023-06-20T08:19:41.843] [DEBUG] cheese - admin
[2023-06-20T08:19:41.877] [DEBUG] cheese - null
[2023-06-20T08:19:41.878] [DEBUG] cheese - null
[2023-06-20T08:39:48.550] [DEBUG] cheese - login => username:admin,password:123456
[2023-06-20T08:39:48.550] [DEBUG] cheese - admin
[2023-06-20T08:39:48.560] [DEBUG] cheese - null
[2023-06-20T08:39:48.561] [DEBUG] cheese - null
[2023-06-20T08:43:31.714] [DEBUG] cheese - login => username:admin,password:123456
[2023-06-20T08:43:31.716] [DEBUG] cheese - admin
[2023-06-20T08:43:31.735] [DEBUG] cheese - null
[2023-06-20T08:43:31.735] [DEBUG] cheese - null
[2023-06-20T09:40:31.070] [DEBUG] cheese - login => username:admin,password:123456
[2023-06-20T09:40:31.071] [DEBUG] cheese - admin
[2023-06-20T09:40:31.082] [DEBUG] cheese - null
[2023-06-20T09:40:31.084] [DEBUG] cheese - null
[2023-06-20T20:21:23.766] [DEBUG] cheese - login => username:admin,password:123456
[2023-06-20T20:21:23.768] [DEBUG] cheese - admin
[2023-06-20T20:21:23.791] [DEBUG] cheese - null
[2023-06-20T20:21:23.791] [DEBUG] cheese - null
[2023-06-20T20:42:14.645] [DEBUG] cheese - login => username:admin,password:123456
[2023-06-20T20:42:14.675] [DEBUG] cheese - admin
[2023-06-20T20:42:14.687] [DEBUG] cheese - null
[2023-06-20T20:42:14.687] [DEBUG] cheese - null
[2023-06-20T20:58:08.899] [DEBUG] cheese - login => username:admin,password:123456
[2023-06-20T20:58:08.899] [DEBUG] cheese - admin
[2023-06-20T20:58:08.917] [DEBUG] cheese - null
[2023-06-20T20:58:08.918] [DEBUG] cheese - null
[2023-06-21T02:58:05.035] [DEBUG] cheese - login => username:admin,password:123456
[2023-06-21T02:58:05.035] [DEBUG] cheese - admin
[2023-06-21T02:58:05.050] [DEBUG] cheese - null
[2023-06-21T02:58:05.050] [DEBUG] cheese - null
[2023-06-21T08:51:59.111] [DEBUG] cheese - login => username:admin,password:123456
[2023-06-21T08:51:59.111] [DEBUG] cheese - admin
[2023-06-21T08:51:59.117] [DEBUG] cheese - null
[2023-06-21T08:51:59.118] [DEBUG] cheese - null
[2023-06-21T10:02:20.007] [DEBUG] cheese - login => username:admin,password:123456
[2023-06-21T10:02:20.008] [DEBUG] cheese - admin
[2023-06-21T10:02:20.018] [DEBUG] cheese - null
[2023-06-21T10:02:20.019] [DEBUG] cheese - null
[2023-06-21T10:03:03.641] [DEBUG] cheese - login => username:admin,password:123456
[2023-06-21T10:03:03.641] [DEBUG] cheese - admin
[2023-06-21T10:03:03.644] [DEBUG] cheese - null
[2023-06-21T10:03:03.645] [DEBUG] cheese - null
[2023-06-21T10:03:54.373] [DEBUG] cheese - login => username:admin,password:123456
[2023-06-21T10:03:54.373] [DEBUG] cheese - admin
[2023-06-21T10:03:54.375] [DEBUG] cheese - null
[2023-06-21T10:03:54.375] [DEBUG] cheese - null
[2023-06-21T10:08:43.099] [DEBUG] cheese - login => username:admin,password:123456
[2023-06-21T10:08:43.099] [DEBUG] cheese - admin
[2023-06-21T10:08:43.106] [DEBUG] cheese - null
[2023-06-21T10:08:43.106] [DEBUG] cheese - null
[2023-06-21T10:09:25.198] [DEBUG] cheese - login => username:admin,password:123456
[2023-06-21T10:09:25.198] [DEBUG] cheese - admin
[2023-06-21T10:09:25.200] [DEBUG] cheese - null
[2023-06-21T10:09:25.200] [DEBUG] cheese - null
[2023-06-21T10:10:36.990] [DEBUG] cheese - login => username:admin,password:123456
[2023-06-21T10:10:36.990] [DEBUG] cheese - admin
[2023-06-21T10:10:36.998] [DEBUG] cheese - null
[2023-06-21T10:10:36.999] [DEBUG] cheese - null
[2023-06-21T10:10:41.673] [DEBUG] cheese - login => username:admin,password:123456
[2023-06-21T10:10:41.673] [DEBUG] cheese - admin
[2023-06-21T10:10:41.683] [DEBUG] cheese - null
[2023-06-21T10:10:41.683] [DEBUG] cheese - null
[2023-06-21T10:16:23.744] [DEBUG] cheese - login => username:admin,password:123456
[2023-06-21T10:16:23.744] [DEBUG] cheese - admin
[2023-06-21T10:16:23.753] [DEBUG] cheese - null
[2023-06-21T10:16:23.753] [DEBUG] cheese - null
[2023-06-21T10:17:18.852] [DEBUG] cheese - login => username:admin,password:123456
[2023-06-21T10:17:18.853] [DEBUG] cheese - admin
[2023-06-21T10:17:18.860] [DEBUG] cheese - null
[2023-06-21T10:17:18.861] [DEBUG] cheese - null
[2023-06-21T10:29:18.187] [DEBUG] cheese - login => username:admin,password:123456
[2023-06-21T10:29:18.189] [DEBUG] cheese - admin
[2023-06-21T10:29:18.209] [DEBUG] cheese - null
[2023-06-21T10:29:18.210] [DEBUG] cheese - null
[2023-06-21T10:36:02.592] [DEBUG] cheese - login => username:admin,password:123456
[2023-06-21T10:36:02.593] [DEBUG] cheese - admin
[2023-06-21T10:36:02.604] [DEBUG] cheese - null
[2023-06-21T10:36:02.604] [DEBUG] cheese - null
[2023-06-21T10:36:20.056] [DEBUG] cheese - login => username:admin,password:123456
[2023-06-21T10:36:20.058] [DEBUG] cheese - admin
[2023-06-21T10:36:20.071] [DEBUG] cheese - null
[2023-06-21T10:36:20.072] [DEBUG] cheese - null
[2023-06-21T10:48:46.903] [DEBUG] cheese - login => username:admin,password:123456
[2023-06-21T10:48:46.904] [DEBUG] cheese - admin
[2023-06-21T10:48:46.918] [DEBUG] cheese - null
[2023-06-21T10:48:46.919] [DEBUG] cheese - null
[2023-06-21T12:16:14.193] [DEBUG] cheese - login => username:admin,password:123456
[2023-06-21T12:16:14.194] [DEBUG] cheese - admin
[2023-06-21T12:16:14.200] [DEBUG] cheese - null
[2023-06-21T12:16:14.200] [DEBUG] cheese - null
[2023-06-21T12:22:53.254] [DEBUG] cheese - login => username:admin,password:123456
[2023-06-21T12:22:53.255] [DEBUG] cheese - admin
[2023-06-21T12:22:53.263] [DEBUG] cheese - null
[2023-06-21T12:22:53.263] [DEBUG] cheese - null
[2023-06-21T15:25:30.032] [DEBUG] cheese - login => username:admin,password:123456
[2023-06-21T15:25:30.032] [DEBUG] cheese - admin
[2023-06-21T15:25:30.038] [DEBUG] cheese - null
[2023-06-21T15:25:30.038] [DEBUG] cheese - null
[2023-06-22T07:43:22.152] [DEBUG] cheese - login => username:admin,password:123456
[2023-06-22T07:43:22.154] [DEBUG] cheese - admin
[2023-06-22T07:43:22.168] [DEBUG] cheese - null
[2023-06-22T07:43:22.169] [DEBUG] cheese - null
[2023-06-23T06:48:55.642] [DEBUG] cheese - login => username:admin,password:123456
[2023-06-23T06:48:55.644] [DEBUG] cheese - admin
[2023-06-23T06:48:55.673] [DEBUG] cheese - null
[2023-06-23T06:48:55.674] [DEBUG] cheese - null
[2023-06-23T09:05:44.731] [DEBUG] cheese - login => username:admin,password:123456
[2023-06-23T09:05:44.732] [DEBUG] cheese - admin
[2023-06-23T09:05:44.736] [DEBUG] cheese - null
[2023-06-23T09:05:44.736] [DEBUG] cheese - null
[2023-06-23T09:34:10.790] [DEBUG] cheese - login => username:admin,password:123456
[2023-06-23T09:34:10.791] [DEBUG] cheese - admin
[2023-06-23T09:34:10.795] [DEBUG] cheese - null
[2023-06-23T09:34:10.795] [DEBUG] cheese - null
[2023-06-23T09:42:17.380] [DEBUG] cheese - login => username:admin,password:123456
[2023-06-23T09:42:17.381] [DEBUG] cheese - admin
[2023-06-23T09:42:17.386] [DEBUG] cheese - null
[2023-06-23T09:42:17.387] [DEBUG] cheese - null
[2023-06-23T15:20:36.718] [DEBUG] cheese - null
[2023-06-23T15:20:46.692] [DEBUG] cheese - null
[2023-06-23T15:22:57.798] [DEBUG] cheese - null
[2023-06-23T15:23:06.028] [DEBUG] cheese - null
[2023-06-23T16:18:38.012] [DEBUG] cheese - null
[2023-06-23T16:29:57.315] [DEBUG] cheese - null
[2023-06-23T16:30:09.929] [DEBUG] cheese - null
[2023-06-23T16:31:13.701] [DEBUG] cheese - null
[2023-06-23T16:32:05.636] [DEBUG] cheese - null
[2023-06-23T16:36:25.766] [DEBUG] cheese - null
[2023-06-23T19:00:29.968] [DEBUG] cheese - null
[2023-06-23T19:00:34.268] [DEBUG] cheese - null
[2023-06-23T19:00:36.782] [DEBUG] cheese - null
[2023-06-24T09:59:09.886] [DEBUG] cheese - login => username:admin,password:123456
[2023-06-24T09:59:09.888] [DEBUG] cheese - admin
[2023-06-24T09:59:09.900] [DEBUG] cheese - null
[2023-06-24T09:59:09.900] [DEBUG] cheese - null
[2023-06-24T18:30:54.383] [DEBUG] cheese - login => username:admin,password:123456
[2023-06-24T18:30:54.385] [DEBUG] cheese - admin
[2023-06-24T18:30:54.393] [DEBUG] cheese - null
[2023-06-24T18:30:54.394] [DEBUG] cheese - null
[2023-06-26T10:15:47.307] [DEBUG] cheese - login => username:admin,password:123456
[2023-06-26T10:15:47.308] [DEBUG] cheese - admin
[2023-06-26T10:15:47.328] [DEBUG] cheese - null
[2023-06-26T10:15:47.328] [DEBUG] cheese - null
[2023-06-27T10:45:26.755] [DEBUG] cheese - login => username:admin,password:123456
[2023-06-27T10:45:26.757] [DEBUG] cheese - admin
[2023-06-27T10:45:26.776] [DEBUG] cheese - null
[2023-06-27T10:45:26.777] [DEBUG] cheese - null
[2023-06-28T09:31:57.259] [DEBUG] cheese - login => username:admin,password:123456
[2023-06-28T09:31:57.261] [DEBUG] cheese - admin
[2023-06-28T09:31:57.277] [DEBUG] cheese - null
[2023-06-28T09:31:57.277] [DEBUG] cheese - null
[2023-06-29T08:59:24.258] [DEBUG] cheese - login => username:admin,password:123456
[2023-06-29T08:59:24.261] [DEBUG] cheese - admin
[2023-06-29T08:59:24.274] [DEBUG] cheese - null
[2023-06-29T08:59:24.275] [DEBUG] cheese - null
[2023-07-04T10:47:45.232] [DEBUG] cheese - login => username:admin,password:123456
[2023-07-04T10:47:45.236] [DEBUG] cheese - admin
[2023-07-04T10:47:45.264] [DEBUG] cheese - null
[2023-07-04T10:47:45.265] [DEBUG] cheese - null
[2023-07-04T10:49:49.114] [DEBUG] cheese - null
[2023-07-04T10:58:04.208] [DEBUG] cheese - login => username:admin,password:123456
[2023-07-04T10:58:04.208] [DEBUG] cheese - admin
[2023-07-04T10:58:04.213] [DEBUG] cheese - null
[2023-07-04T10:58:04.213] [DEBUG] cheese - null
[2023-07-04T10:59:26.423] [DEBUG] cheese - login => username:admin,password:123456
[2023-07-04T10:59:26.425] [DEBUG] cheese - admin
[2023-07-04T10:59:26.433] [DEBUG] cheese - null
[2023-07-04T10:59:26.433] [DEBUG] cheese - null
[2023-07-04T11:29:15.366] [DEBUG] cheese - login => username:admin,password:123456
[2023-07-04T11:29:15.367] [DEBUG] cheese - admin
[2023-07-04T11:29:15.378] [DEBUG] cheese - null
[2023-07-04T11:29:15.379] [DEBUG] cheese - null
[2023-07-04T11:31:12.717] [DEBUG] cheese - login => username:admin,password:123456
[2023-07-04T11:31:12.718] [DEBUG] cheese - admin
[2023-07-04T11:31:12.726] [DEBUG] cheese - null
[2023-07-04T11:31:12.726] [DEBUG] cheese - null
[2023-07-04T11:35:09.477] [DEBUG] cheese - login => username:admin,password:123456
[2023-07-04T11:35:09.477] [DEBUG] cheese - admin
[2023-07-04T11:35:09.490] [DEBUG] cheese - null
[2023-07-04T11:35:09.491] [DEBUG] cheese - null
[2023-07-04T11:46:23.793] [DEBUG] cheese - login => username:admin,password:123456
[2023-07-04T11:46:23.793] [DEBUG] cheese - admin
[2023-07-04T11:46:23.800] [DEBUG] cheese - null
[2023-07-04T11:46:23.800] [DEBUG] cheese - null
[2023-07-04T16:09:30.571] [DEBUG] cheese - login => username:admin,password:123456
[2023-07-04T16:09:30.571] [DEBUG] cheese - admin
[2023-07-04T16:09:30.581] [DEBUG] cheese - null
[2023-07-04T16:09:30.582] [DEBUG] cheese - null
[2023-07-04T16:21:49.054] [DEBUG] cheese - login => username:admin,password:123456
[2023-07-04T16:21:49.054] [DEBUG] cheese - admin
[2023-07-04T16:21:49.063] [DEBUG] cheese - null
[2023-07-04T16:21:49.064] [DEBUG] cheese - null
[2023-07-04T16:45:15.327] [DEBUG] cheese - login => username:admin,password:123456
[2023-07-04T16:45:15.329] [DEBUG] cheese - admin
[2023-07-04T16:45:15.336] [DEBUG] cheese - null
[2023-07-04T16:45:15.338] [DEBUG] cheese - null
[2023-07-04T16:57:59.490] [DEBUG] cheese - login => username:admin,password:123456
[2023-07-04T16:57:59.491] [DEBUG] cheese - admin
[2023-07-04T16:57:59.495] [DEBUG] cheese - null
[2023-07-04T16:57:59.497] [DEBUG] cheese - null
[2023-07-04T17:06:36.663] [DEBUG] cheese - login => username:admin,password:123456
[2023-07-04T17:06:36.664] [DEBUG] cheese - admin
[2023-07-04T17:06:36.676] [DEBUG] cheese - null
[2023-07-04T17:06:36.677] [DEBUG] cheese - null
[2023-07-04T23:00:38.846] [DEBUG] cheese - login => username:admin,password:123456
[2023-07-04T23:00:38.849] [DEBUG] cheese - admin
[2023-07-04T23:00:38.862] [DEBUG] cheese - null
[2023-07-04T23:00:38.863] [DEBUG] cheese - null
[2023-07-04T23:01:28.623] [DEBUG] cheese - login => username:admin,password:123456
[2023-07-04T23:01:28.624] [DEBUG] cheese - admin
[2023-07-04T23:01:28.626] [DEBUG] cheese - null
[2023-07-04T23:01:28.627] [DEBUG] cheese - null
[2023-07-04T23:05:51.673] [DEBUG] cheese - login => username:admin,password:123456
[2023-07-04T23:05:51.673] [DEBUG] cheese - admin
[2023-07-04T23:05:51.685] [DEBUG] cheese - null
[2023-07-04T23:05:51.685] [DEBUG] cheese - null
[2023-07-04T23:14:50.023] [DEBUG] cheese - login => username:admin,password:123456
[2023-07-04T23:14:50.024] [DEBUG] cheese - admin
[2023-07-04T23:14:50.036] [DEBUG] cheese - null
[2023-07-04T23:14:50.039] [DEBUG] cheese - null
[2023-07-04T23:18:51.252] [DEBUG] cheese - null
[2023-07-04T23:20:28.708] [DEBUG] cheese - null
[2023-07-04T23:24:03.230] [DEBUG] cheese - null
[2023-07-04T23:29:59.670] [DEBUG] cheese - login => username:admin,password:123456
[2023-07-04T23:29:59.670] [DEBUG] cheese - admin
[2023-07-04T23:29:59.672] [DEBUG] cheese - null
[2023-07-04T23:29:59.673] [DEBUG] cheese - null
[2023-07-04T23:31:04.939] [DEBUG] cheese - login => username:admin,password:123456
[2023-07-04T23:31:04.939] [DEBUG] cheese - admin
[2023-07-04T23:31:04.941] [DEBUG] cheese - null
[2023-07-04T23:31:04.941] [DEBUG] cheese - null
[2023-07-05T10:40:05.265] [DEBUG] cheese - login => username:admin,password:123456
[2023-07-05T10:40:05.267] [DEBUG] cheese - admin
[2023-07-05T10:40:05.280] [DEBUG] cheese - null
[2023-07-05T10:40:05.280] [DEBUG] cheese - null
[2023-07-06T04:05:25.831] [DEBUG] cheese - login => username:admin,password:123456
[2023-07-06T04:05:25.836] [DEBUG] cheese - admin
[2023-07-06T04:05:25.851] [DEBUG] cheese - null
[2023-07-06T04:05:25.852] [DEBUG] cheese - null
[2023-07-06T12:03:53.522] [DEBUG] cheese - login => username:admin,password:123456
[2023-07-06T12:03:53.522] [DEBUG] cheese - admin
[2023-07-06T12:03:53.531] [DEBUG] cheese - null
[2023-07-06T12:03:53.532] [DEBUG] cheese - null
[2023-07-06T12:09:07.201] [DEBUG] cheese - login => username:admin,password:123456
[2023-07-06T12:09:07.201] [DEBUG] cheese - admin
[2023-07-06T12:09:07.207] [DEBUG] cheese - null
[2023-07-06T12:09:07.207] [DEBUG] cheese - null
[2023-07-06T12:09:10.375] [DEBUG] cheese - login => username:admin,password:123456
[2023-07-06T12:09:10.376] [DEBUG] cheese - admin
[2023-07-06T12:09:10.381] [DEBUG] cheese - null
[2023-07-06T12:09:10.382] [DEBUG] cheese - null
[2023-07-06T12:09:13.885] [DEBUG] cheese - login => username:admin,password:123456
[2023-07-06T12:09:13.886] [DEBUG] cheese - admin
[2023-07-06T12:09:13.891] [DEBUG] cheese - null
[2023-07-06T12:09:13.891] [DEBUG] cheese - null
[2023-07-06T12:42:26.447] [DEBUG] cheese - login => username:admin,password:123456
[2023-07-06T12:42:26.447] [DEBUG] cheese - admin
[2023-07-06T12:42:26.460] [DEBUG] cheese - null
[2023-07-06T12:42:26.461] [DEBUG] cheese - null
[2023-07-06T12:48:01.431] [DEBUG] cheese - login => username:admin,password:123456
[2023-07-06T12:48:01.431] [DEBUG] cheese - admin
[2023-07-06T12:48:01.439] [DEBUG] cheese - null
[2023-07-06T12:48:01.440] [DEBUG] cheese - null
[2023-07-06T18:35:19.374] [DEBUG] cheese - login => username:bcd123456,password:bcd123456
[2023-07-06T18:35:19.375] [DEBUG] cheese - bcd123456
[2023-07-06T18:35:19.380] [DEBUG] cheese - null
[2023-07-06T18:35:19.381] [DEBUG] cheese - null
[2023-07-06T18:35:25.571] [DEBUG] cheese - login => username:bcd123456,password:bcd123456
[2023-07-06T18:35:25.571] [DEBUG] cheese - bcd123456
[2023-07-06T18:35:25.574] [DEBUG] cheese - null
[2023-07-06T18:35:25.575] [DEBUG] cheese - null
[2023-07-06T18:35:44.193] [DEBUG] cheese - login => username:admin,password:123456
[2023-07-06T18:35:44.194] [DEBUG] cheese - admin
[2023-07-06T18:35:44.208] [DEBUG] cheese - null
[2023-07-06T18:35:44.209] [DEBUG] cheese - null
[2023-07-06T18:36:26.620] [DEBUG] cheese - login => username:bcd123456,password:bcd123456
[2023-07-06T18:36:26.621] [DEBUG] cheese - bcd123456
[2023-07-06T18:36:26.631] [DEBUG] cheese - null
[2023-07-06T18:36:26.632] [DEBUG] cheese - null
[2023-07-06T18:36:29.278] [DEBUG] cheese - login => username:bcd123456,password:bcd123456
[2023-07-06T18:36:29.279] [DEBUG] cheese - bcd123456
[2023-07-06T18:36:29.287] [DEBUG] cheese - null
[2023-07-06T18:36:29.287] [DEBUG] cheese - null
[2023-07-06T18:36:31.109] [DEBUG] cheese - login => username:bcd123456,password:bcd123456
[2023-07-06T18:36:31.109] [DEBUG] cheese - bcd123456
[2023-07-06T18:36:31.117] [DEBUG] cheese - null
[2023-07-06T18:36:31.118] [DEBUG] cheese - null
[2023-07-06T18:36:32.161] [DEBUG] cheese - login => username:bcd123456,password:bcd123456
[2023-07-06T18:36:32.162] [DEBUG] cheese - bcd123456
[2023-07-06T18:36:32.169] [DEBUG] cheese - null
[2023-07-06T18:36:32.170] [DEBUG] cheese - null
[2023-07-06T18:36:32.420] [DEBUG] cheese - login => username:bcd123456,password:bcd123456
[2023-07-06T18:36:32.421] [DEBUG] cheese - bcd123456
[2023-07-06T18:36:32.429] [DEBUG] cheese - null
[2023-07-06T18:36:32.429] [DEBUG] cheese - null
[2023-07-06T18:36:32.780] [DEBUG] cheese - login => username:bcd123456,password:bcd123456
[2023-07-06T18:36:32.780] [DEBUG] cheese - bcd123456
[2023-07-06T18:36:32.786] [DEBUG] cheese - null
[2023-07-06T18:36:32.786] [DEBUG] cheese - null
[2023-07-06T18:36:32.944] [DEBUG] cheese - login => username:bcd123456,password:bcd123456
[2023-07-06T18:36:32.945] [DEBUG] cheese - bcd123456
[2023-07-06T18:36:32.953] [DEBUG] cheese - null
[2023-07-06T18:36:32.953] [DEBUG] cheese - null
[2023-07-06T18:36:33.118] [DEBUG] cheese - login => username:bcd123456,password:bcd123456
[2023-07-06T18:36:33.119] [DEBUG] cheese - bcd123456
[2023-07-06T18:36:33.128] [DEBUG] cheese - null
[2023-07-06T18:36:33.128] [DEBUG] cheese - null
[2023-07-06T18:36:33.282] [DEBUG] cheese - login => username:bcd123456,password:bcd123456
[2023-07-06T18:36:33.283] [DEBUG] cheese - bcd123456
[2023-07-06T18:36:33.291] [DEBUG] cheese - null
[2023-07-06T18:36:33.292] [DEBUG] cheese - null
[2023-07-06T18:36:33.445] [DEBUG] cheese - login => username:bcd123456,password:bcd123456
[2023-07-06T18:36:33.446] [DEBUG] cheese - bcd123456
[2023-07-06T18:36:33.454] [DEBUG] cheese - null
[2023-07-06T18:36:33.455] [DEBUG] cheese - null
[2023-07-06T18:36:33.619] [DEBUG] cheese - login => username:bcd123456,password:bcd123456
[2023-07-06T18:36:33.620] [DEBUG] cheese - bcd123456
[2023-07-06T18:36:33.627] [DEBUG] cheese - null
[2023-07-06T18:36:33.628] [DEBUG] cheese - null
[2023-07-06T18:36:33.780] [DEBUG] cheese - login => username:bcd123456,password:bcd123456
[2023-07-06T18:36:33.780] [DEBUG] cheese - bcd123456
[2023-07-06T18:36:33.789] [DEBUG] cheese - null
[2023-07-06T18:36:33.790] [DEBUG] cheese - null
[2023-07-06T18:36:33.964] [DEBUG] cheese - login => username:bcd123456,password:bcd123456
[2023-07-06T18:36:33.965] [DEBUG] cheese - bcd123456
[2023-07-06T18:36:33.976] [DEBUG] cheese - null
[2023-07-06T18:36:33.976] [DEBUG] cheese - null
[2023-07-06T18:36:34.106] [DEBUG] cheese - login => username:bcd123456,password:bcd123456
[2023-07-06T18:36:34.107] [DEBUG] cheese - bcd123456
[2023-07-06T18:36:34.114] [DEBUG] cheese - null
[2023-07-06T18:36:34.115] [DEBUG] cheese - null
[2023-07-06T18:36:34.310] [DEBUG] cheese - login => username:bcd123456,password:bcd123456
[2023-07-06T18:36:34.311] [DEBUG] cheese - bcd123456
[2023-07-06T18:36:34.315] [DEBUG] cheese - null
[2023-07-06T18:36:34.315] [DEBUG] cheese - null
[2023-07-06T18:36:34.650] [DEBUG] cheese - login => username:bcd123456,password:bcd123456
[2023-07-06T18:36:34.651] [DEBUG] cheese - bcd123456
[2023-07-06T18:36:34.659] [DEBUG] cheese - null
[2023-07-06T18:36:34.659] [DEBUG] cheese - null
[2023-07-06T18:36:34.859] [DEBUG] cheese - login => username:bcd123456,password:bcd123456
[2023-07-06T18:36:34.860] [DEBUG] cheese - bcd123456
[2023-07-06T18:36:34.861] [DEBUG] cheese - null
[2023-07-06T18:36:34.861] [DEBUG] cheese - null
[2023-07-06T18:36:35.065] [DEBUG] cheese - login => username:bcd123456,password:bcd123456
[2023-07-06T18:36:35.065] [DEBUG] cheese - bcd123456
[2023-07-06T18:36:35.073] [DEBUG] cheese - null
[2023-07-06T18:36:35.074] [DEBUG] cheese - null
[2023-07-06T18:36:35.279] [DEBUG] cheese - login => username:bcd123456,password:bcd123456
[2023-07-06T18:36:35.279] [DEBUG] cheese - bcd123456
[2023-07-06T18:36:35.287] [DEBUG] cheese - null
[2023-07-06T18:36:35.288] [DEBUG] cheese - null
[2023-07-06T18:36:35.473] [DEBUG] cheese - login => username:bcd123456,password:bcd123456
[2023-07-06T18:36:35.474] [DEBUG] cheese - bcd123456
[2023-07-06T18:36:35.485] [DEBUG] cheese - null
[2023-07-06T18:36:35.486] [DEBUG] cheese - null
[2023-07-06T18:36:35.651] [DEBUG] cheese - login => username:bcd123456,password:bcd123456
[2023-07-06T18:36:35.651] [DEBUG] cheese - bcd123456
[2023-07-06T18:36:35.659] [DEBUG] cheese - null
[2023-07-06T18:36:35.660] [DEBUG] cheese - null
[2023-07-06T18:36:35.858] [DEBUG] cheese - login => username:bcd123456,password:bcd123456
[2023-07-06T18:36:35.858] [DEBUG] cheese - bcd123456
[2023-07-06T18:36:35.866] [DEBUG] cheese - null
[2023-07-06T18:36:35.867] [DEBUG] cheese - null
[2023-07-06T18:36:36.072] [DEBUG] cheese - login => username:bcd123456,password:bcd123456
[2023-07-06T18:36:36.072] [DEBUG] cheese - bcd123456
[2023-07-06T18:36:36.076] [DEBUG] cheese - null
[2023-07-06T18:36:36.076] [DEBUG] cheese - null
[2023-07-06T18:36:36.272] [DEBUG] cheese - login => username:bcd123456,password:bcd123456
[2023-07-06T18:36:36.273] [DEBUG] cheese - bcd123456
[2023-07-06T18:36:36.285] [DEBUG] cheese - null
[2023-07-06T18:36:36.285] [DEBUG] cheese - null
[2023-07-06T18:36:36.510] [DEBUG] cheese - login => username:bcd123456,password:bcd123456
[2023-07-06T18:36:36.510] [DEBUG] cheese - bcd123456
[2023-07-06T18:36:36.518] [DEBUG] cheese - null
[2023-07-06T18:36:36.519] [DEBUG] cheese - null
[2023-07-06T18:36:36.677] [DEBUG] cheese - login => username:bcd123456,password:bcd123456
[2023-07-06T18:36:36.678] [DEBUG] cheese - bcd123456
[2023-07-06T18:36:36.685] [DEBUG] cheese - null
[2023-07-06T18:36:36.686] [DEBUG] cheese - null
[2023-07-06T18:36:36.891] [DEBUG] cheese - login => username:bcd123456,password:bcd123456
[2023-07-06T18:36:36.891] [DEBUG] cheese - bcd123456
[2023-07-06T18:36:36.903] [DEBUG] cheese - null
[2023-07-06T18:36:36.904] [DEBUG] cheese - null
[2023-07-06T18:36:37.092] [DEBUG] cheese - login => username:bcd123456,password:bcd123456
[2023-07-06T18:36:37.092] [DEBUG] cheese - bcd123456
[2023-07-06T18:36:37.100] [DEBUG] cheese - null
[2023-07-06T18:36:37.101] [DEBUG] cheese - null
[2023-07-06T18:36:37.259] [DEBUG] cheese - login => username:bcd123456,password:bcd123456
[2023-07-06T18:36:37.259] [DEBUG] cheese - bcd123456
[2023-07-06T18:36:37.268] [DEBUG] cheese - null
[2023-07-06T18:36:37.268] [DEBUG] cheese - null
[2023-07-06T18:37:29.286] [DEBUG] cheese - login => username:admin,password:123456
[2023-07-06T18:37:29.286] [DEBUG] cheese - admin
[2023-07-06T18:37:29.295] [DEBUG] cheese - null
[2023-07-06T18:37:29.295] [DEBUG] cheese - null
[2023-07-06T18:37:40.308] [DEBUG] cheese - login => username:bcd123456,password:bcd123456
[2023-07-06T18:37:40.309] [DEBUG] cheese - bcd123456
[2023-07-06T18:37:40.315] [DEBUG] cheese - null
[2023-07-06T18:37:40.315] [DEBUG] cheese - null
[2023-07-06T18:37:40.441] [DEBUG] cheese - null
[2023-07-06T18:37:40.449] [DEBUG] cheese - null
[2023-07-06T18:38:30.856] [DEBUG] cheese - null
[2023-07-06T18:38:30.858] [DEBUG] cheese - null
[2023-07-06T18:38:33.411] [DEBUG] cheese - login => username:bcd123456,password:bcd123456
[2023-07-06T18:38:33.411] [DEBUG] cheese - bcd123456
[2023-07-06T18:38:33.423] [DEBUG] cheese - null
[2023-07-06T18:38:33.424] [DEBUG] cheese - null
[2023-07-06T18:38:33.497] [DEBUG] cheese - login => username:bcd123456,password:bcd123456
[2023-07-06T18:38:33.497] [DEBUG] cheese - bcd123456
[2023-07-06T18:38:33.498] [DEBUG] cheese - null
[2023-07-06T18:38:33.498] [DEBUG] cheese - null
[2023-07-06T18:38:33.568] [DEBUG] cheese - null
[2023-07-06T18:38:33.570] [DEBUG] cheese - null
[2023-07-06T18:38:48.364] [DEBUG] cheese - null
[2023-07-06T18:38:48.373] [DEBUG] cheese - null
[2023-07-06T18:38:50.391] [DEBUG] cheese - login => username:bcd123456,password:bcd123456
[2023-07-06T18:38:50.392] [DEBUG] cheese - bcd123456
[2023-07-06T18:38:50.398] [DEBUG] cheese - null
[2023-07-06T18:38:50.398] [DEBUG] cheese - null
[2023-07-06T18:38:50.506] [DEBUG] cheese - null
[2023-07-06T18:38:50.509] [DEBUG] cheese - null
[2023-07-06T18:38:53.901] [DEBUG] cheese - login => username:bcd123456,password:bcd123456
[2023-07-06T18:38:53.901] [DEBUG] cheese - bcd123456
[2023-07-06T18:38:53.906] [DEBUG] cheese - null
[2023-07-06T18:38:53.907] [DEBUG] cheese - null
[2023-07-06T18:38:54.021] [DEBUG] cheese - null
[2023-07-06T18:38:54.027] [DEBUG] cheese - null
[2023-07-06T18:39:24.458] [DEBUG] cheese - null
[2023-07-06T18:39:24.475] [DEBUG] cheese - null
[2023-07-06T18:41:48.814] [DEBUG] cheese - null
[2023-07-06T18:41:48.822] [DEBUG] cheese - null
[2023-07-06T18:43:25.808] [DEBUG] cheese - null
[2023-07-06T18:43:25.822] [DEBUG] cheese - null
[2023-07-06T18:43:32.789] [DEBUG] cheese - null
[2023-07-06T18:43:32.795] [DEBUG] cheese - null
[2023-07-06T18:47:38.094] [DEBUG] cheese - null
[2023-07-06T18:47:38.111] [DEBUG] cheese - null
[2023-07-06T18:48:38.384] [DEBUG] cheese - null
[2023-07-06T18:48:38.386] [DEBUG] cheese - null
[2023-07-06T18:51:38.126] [DEBUG] cheese - null
[2023-07-06T18:51:38.132] [DEBUG] cheese - null
[2023-07-06T18:52:08.649] [DEBUG] cheese - null
[2023-07-06T18:52:08.654] [DEBUG] cheese - null
[2023-07-06T18:52:10.665] [DEBUG] cheese - null
[2023-07-06T18:52:10.673] [DEBUG] cheese - null
[2023-07-06T18:52:12.162] [DEBUG] cheese - null
[2023-07-06T18:52:12.173] [DEBUG] cheese - null
[2023-07-06T18:52:13.699] [DEBUG] cheese - null
[2023-07-06T18:52:13.705] [DEBUG] cheese - null
[2023-07-06T18:52:14.738] [DEBUG] cheese - null
[2023-07-06T18:52:14.740] [DEBUG] cheese - null
[2023-07-06T18:52:15.825] [DEBUG] cheese - null
[2023-07-06T18:52:15.831] [DEBUG] cheese - null
[2023-07-06T18:52:17.088] [DEBUG] cheese - null
[2023-07-06T18:52:17.094] [DEBUG] cheese - null
[2023-07-06T18:52:18.532] [DEBUG] cheese - null
[2023-07-06T18:52:18.539] [DEBUG] cheese - null
[2023-07-06T18:52:20.473] [DEBUG] cheese - null
[2023-07-06T18:52:20.480] [DEBUG] cheese - null
[2023-07-06T18:52:22.258] [DEBUG] cheese - null
[2023-07-06T18:52:22.264] [DEBUG] cheese - null
[2023-07-06T18:52:23.331] [DEBUG] cheese - null
[2023-07-06T18:52:23.338] [DEBUG] cheese - null
[2023-07-06T18:52:24.861] [DEBUG] cheese - null
[2023-07-06T18:52:29.185] [DEBUG] cheese - null
[2023-07-06T18:52:29.191] [DEBUG] cheese - null
[2023-07-06T18:52:30.566] [DEBUG] cheese - null
[2023-07-06T18:52:33.165] [DEBUG] cheese - null
[2023-07-06T18:52:33.172] [DEBUG] cheese - null
[2023-07-06T18:52:34.271] [DEBUG] cheese - null
[2023-07-06T18:52:34.277] [DEBUG] cheese - null
[2023-07-06T18:52:35.297] [DEBUG] cheese - null
[2023-07-06T18:52:35.298] [DEBUG] cheese - null
[2023-07-06T18:52:36.167] [DEBUG] cheese - null
[2023-07-06T18:52:36.171] [DEBUG] cheese - null
[2023-07-06T18:52:37.011] [DEBUG] cheese - null
[2023-07-06T18:52:37.018] [DEBUG] cheese - null
[2023-07-06T18:52:37.771] [DEBUG] cheese - null
[2023-07-06T18:52:37.777] [DEBUG] cheese - null
[2023-07-06T18:52:38.583] [DEBUG] cheese - null
[2023-07-06T18:52:38.586] [DEBUG] cheese - null
[2023-07-06T18:52:41.897] [DEBUG] cheese - null
[2023-07-06T18:55:02.760] [DEBUG] cheese - null
[2023-07-06T18:55:02.767] [DEBUG] cheese - null
[2023-07-06T18:55:07.650] [DEBUG] cheese - null
[2023-07-06T18:55:07.651] [DEBUG] cheese - null
[2023-07-06T18:55:12.234] [DEBUG] cheese - null
[2023-07-06T18:57:24.727] [DEBUG] cheese - null
[2023-07-06T18:57:24.735] [DEBUG] cheese - null
[2023-07-06T18:57:28.501] [DEBUG] cheese - null
[2023-07-06T19:00:37.402] [DEBUG] cheese - login => username:bcd123456,password:bcd123456
[2023-07-06T19:00:37.403] [DEBUG] cheese - bcd123456
[2023-07-06T19:00:37.410] [DEBUG] cheese - null
[2023-07-06T19:00:37.411] [DEBUG] cheese - null
[2023-07-06T19:00:37.548] [DEBUG] cheese - null
[2023-07-06T19:00:37.551] [DEBUG] cheese - null
[2023-07-06T19:00:40.241] [DEBUG] cheese - null
[2023-07-06T19:00:40.249] [DEBUG] cheese - null
[2023-07-06T19:00:41.499] [DEBUG] cheese - null
[2023-07-06T19:00:41.507] [DEBUG] cheese - null
[2023-07-06T19:00:42.419] [DEBUG] cheese - null
[2023-07-06T19:00:42.426] [DEBUG] cheese - null
[2023-07-06T19:00:43.263] [DEBUG] cheese - null
[2023-07-06T19:00:43.271] [DEBUG] cheese - null
[2023-07-06T19:00:44.615] [DEBUG] cheese - null
[2023-07-06T19:00:44.625] [DEBUG] cheese - null
[2023-07-06T19:00:45.513] [DEBUG] cheese - null
[2023-07-06T19:00:45.520] [DEBUG] cheese - null
[2023-07-06T19:00:46.726] [DEBUG] cheese - null
[2023-07-06T19:00:46.727] [DEBUG] cheese - null
[2023-07-06T19:00:47.570] [DEBUG] cheese - null
[2023-07-06T19:00:47.577] [DEBUG] cheese - null
[2023-07-06T19:00:54.264] [DEBUG] cheese - null
[2023-07-06T19:01:06.549] [DEBUG] cheese - login => username:admin,password:123456
[2023-07-06T19:01:06.550] [DEBUG] cheese - admin
[2023-07-06T19:01:06.554] [DEBUG] cheese - null
[2023-07-06T19:01:06.554] [DEBUG] cheese - null
[2023-07-06T19:01:38.576] [DEBUG] cheese - login => username:admin,password:123456
[2023-07-06T19:01:38.576] [DEBUG] cheese - admin
[2023-07-06T19:01:38.582] [DEBUG] cheese - null
[2023-07-06T19:01:38.583] [DEBUG] cheese - null
[2023-07-06T19:02:43.900] [DEBUG] cheese - login => username:bcd123456,password:bcd123456
[2023-07-06T19:02:43.900] [DEBUG] cheese - bcd123456
[2023-07-06T19:02:43.904] [DEBUG] cheese - null
[2023-07-06T19:02:43.904] [DEBUG] cheese - null
[2023-07-06T19:02:44.007] [DEBUG] cheese - null
[2023-07-06T19:02:44.009] [DEBUG] cheese - null
[2023-07-06T19:02:45.698] [DEBUG] cheese - null
[2023-07-06T19:02:59.396] [DEBUG] cheese - null
[2023-07-06T19:02:59.398] [DEBUG] cheese - null
[2023-07-06T19:03:35.535] [DEBUG] cheese - null
[2023-07-06T19:03:35.543] [DEBUG] cheese - null
[2023-07-06T19:03:35.625] [DEBUG] cheese - null
[2023-07-06T19:03:35.626] [DEBUG] cheese - null
[2023-07-06T19:03:35.746] [DEBUG] cheese - null
[2023-07-06T19:03:35.750] [DEBUG] cheese - null
[2023-07-06T19:03:35.753] [DEBUG] cheese - null
[2023-07-06T19:03:35.754] [DEBUG] cheese - null
[2023-07-06T19:03:41.337] [DEBUG] cheese - null
[2023-07-06T19:03:41.347] [DEBUG] cheese - null
[2023-07-06T19:03:43.516] [DEBUG] cheese - null
[2023-07-06T19:03:43.523] [DEBUG] cheese - null
[2023-07-06T19:03:54.485] [DEBUG] cheese - login => username:kakky,password:123456
[2023-07-06T19:03:54.485] [DEBUG] cheese - kakky
[2023-07-06T19:03:54.494] [DEBUG] cheese - null
[2023-07-06T19:03:54.495] [DEBUG] cheese - null
[2023-07-06T19:03:57.120] [DEBUG] cheese - login => username:kakky,password:123456
[2023-07-06T19:03:57.120] [DEBUG] cheese - kakky
[2023-07-06T19:03:57.128] [DEBUG] cheese - null
[2023-07-06T19:03:57.128] [DEBUG] cheese - null
[2023-07-06T19:03:59.285] [DEBUG] cheese - login => username:kakky,password:123456
[2023-07-06T19:03:59.286] [DEBUG] cheese - kakky
[2023-07-06T19:03:59.293] [DEBUG] cheese - null
[2023-07-06T19:03:59.293] [DEBUG] cheese - null
[2023-07-06T19:04:01.658] [DEBUG] cheese - login => username:bcd123456,password:bcd123456
[2023-07-06T19:04:01.658] [DEBUG] cheese - bcd123456
[2023-07-06T19:04:01.664] [DEBUG] cheese - null
[2023-07-06T19:04:01.664] [DEBUG] cheese - null
[2023-07-06T19:04:01.781] [DEBUG] cheese - null
[2023-07-06T19:04:01.783] [DEBUG] cheese - null
[2023-07-06T19:04:04.636] [DEBUG] cheese - null
[2023-07-06T19:04:04.646] [DEBUG] cheese - null
[2023-07-06T19:04:06.205] [DEBUG] cheese - null
[2023-07-06T19:04:06.207] [DEBUG] cheese - null
[2023-07-06T19:04:10.137] [DEBUG] cheese - null
[2023-07-06T19:04:10.140] [DEBUG] cheese - null
[2023-07-06T19:04:15.187] [DEBUG] cheese - null
[2023-07-06T19:04:15.188] [DEBUG] cheese - null
[2023-07-06T19:04:17.885] [DEBUG] cheese - null
[2023-07-06T19:04:17.892] [DEBUG] cheese - null
[2023-07-06T19:04:23.585] [DEBUG] cheese - null
[2023-07-06T19:04:23.592] [DEBUG] cheese - null
[2023-07-06T19:04:42.334] [DEBUG] cheese - login => username:kakky,password:123456
[2023-07-06T19:04:42.334] [DEBUG] cheese - kakky
[2023-07-06T19:04:42.337] [DEBUG] cheese - null
[2023-07-06T19:04:42.337] [DEBUG] cheese - null
[2023-07-06T19:04:43.523] [DEBUG] cheese - login => username:kakky,password:123456
[2023-07-06T19:04:43.524] [DEBUG] cheese - kakky
[2023-07-06T19:04:43.531] [DEBUG] cheese - null
[2023-07-06T19:04:43.532] [DEBUG] cheese - null
[2023-07-06T19:04:44.173] [DEBUG] cheese - login => username:kakky,password:123456
[2023-07-06T19:04:44.174] [DEBUG] cheese - kakky
[2023-07-06T19:04:44.179] [DEBUG] cheese - null
[2023-07-06T19:04:44.179] [DEBUG] cheese - null
[2023-07-06T19:04:44.812] [DEBUG] cheese - login => username:kakky,password:123456
[2023-07-06T19:04:44.812] [DEBUG] cheese - kakky
[2023-07-06T19:04:44.819] [DEBUG] cheese - null
[2023-07-06T19:04:44.820] [DEBUG] cheese - null
[2023-07-06T19:05:01.869] [DEBUG] cheese - login => username:bcd123456,password:bcd123456
[2023-07-06T19:05:01.870] [DEBUG] cheese - bcd123456
[2023-07-06T19:05:01.878] [DEBUG] cheese - null
[2023-07-06T19:05:01.878] [DEBUG] cheese - null
[2023-07-06T19:05:01.984] [DEBUG] cheese - null
[2023-07-06T19:05:01.987] [DEBUG] cheese - null
[2023-07-06T19:05:06.443] [DEBUG] cheese - null
[2023-07-06T19:05:06.444] [DEBUG] cheese - null
[2023-07-06T19:05:09.020] [DEBUG] cheese - null
[2023-07-06T19:05:09.027] [DEBUG] cheese - null
[2023-07-06T19:05:19.450] [DEBUG] cheese - null
[2023-07-06T19:05:19.461] [DEBUG] cheese - null
[2023-07-06T19:05:21.319] [DEBUG] cheese - null
[2023-07-06T19:05:21.326] [DEBUG] cheese - null
[2023-07-06T19:05:25.370] [DEBUG] cheese - null
[2023-07-06T19:05:33.307] [DEBUG] cheese - null
[2023-07-06T19:05:33.315] [DEBUG] cheese - null
[2023-07-06T19:05:44.962] [DEBUG] cheese - login => username:admin,password:123456
[2023-07-06T19:05:44.963] [DEBUG] cheese - admin
[2023-07-06T19:05:44.964] [DEBUG] cheese - null
[2023-07-06T19:05:44.965] [DEBUG] cheese - null
[2023-07-06T19:07:37.334] [DEBUG] cheese - login => username:admin,password:123456
[2023-07-06T19:07:37.334] [DEBUG] cheese - admin
[2023-07-06T19:07:37.338] [DEBUG] cheese - null
[2023-07-06T19:07:37.339] [DEBUG] cheese - null
[2023-07-06T19:19:59.840] [DEBUG] cheese - login => username:admin,password:123456
[2023-07-06T19:19:59.841] [DEBUG] cheese - admin
[2023-07-06T19:19:59.845] [DEBUG] cheese - null
[2023-07-06T19:19:59.845] [DEBUG] cheese - null
[2023-07-06T19:21:19.200] [DEBUG] cheese - login => username:admin,password:123456
[2023-07-06T19:21:19.201] [DEBUG] cheese - admin
[2023-07-06T19:21:19.205] [DEBUG] cheese - null
[2023-07-06T19:21:19.205] [DEBUG] cheese - null
[2023-07-06T19:23:19.679] [DEBUG] cheese - login => username:admin,password:123456
[2023-07-06T19:23:19.680] [DEBUG] cheese - admin
[2023-07-06T19:23:19.691] [DEBUG] cheese - null
[2023-07-06T19:23:19.691] [DEBUG] cheese - null
[2023-07-06T19:29:34.435] [DEBUG] cheese - login => username:admin,password:123456
[2023-07-06T19:29:34.435] [DEBUG] cheese - admin
[2023-07-06T19:29:34.447] [DEBUG] cheese - null
[2023-07-06T19:29:34.447] [DEBUG] cheese - null
[2023-07-06T19:29:52.791] [DEBUG] cheese - login => username:admin,password:123456
[2023-07-06T19:29:52.792] [DEBUG] cheese - admin
[2023-07-06T19:29:52.798] [DEBUG] cheese - null
[2023-07-06T19:29:52.798] [DEBUG] cheese - null
[2023-07-06T19:33:42.049] [DEBUG] cheese - login => username:admin,password:123456
[2023-07-06T19:33:42.049] [DEBUG] cheese - admin
[2023-07-06T19:33:42.056] [DEBUG] cheese - null
[2023-07-06T19:33:42.056] [DEBUG] cheese - null
[2023-07-06T19:35:15.784] [DEBUG] cheese - login => username:admin,password:123456
[2023-07-06T19:35:15.784] [DEBUG] cheese - admin
[2023-07-06T19:35:15.786] [DEBUG] cheese - null
[2023-07-06T19:35:15.786] [DEBUG] cheese - null
[2023-07-06T19:35:34.533] [DEBUG] cheese - login => username:admin,password:123456
[2023-07-06T19:35:34.533] [DEBUG] cheese - admin
[2023-07-06T19:35:34.539] [DEBUG] cheese - null
[2023-07-06T19:35:34.540] [DEBUG] cheese - null
[2023-07-06T19:38:09.694] [DEBUG] cheese - login => username:admin,password:123456
[2023-07-06T19:38:09.694] [DEBUG] cheese - admin
[2023-07-06T19:38:09.697] [DEBUG] cheese - null
[2023-07-06T19:38:09.698] [DEBUG] cheese - null
[2023-07-06T19:40:53.510] [DEBUG] cheese - login => username:admin,password:123456
[2023-07-06T19:40:53.511] [DEBUG] cheese - admin
[2023-07-06T19:40:53.521] [DEBUG] cheese - null
[2023-07-06T19:40:53.521] [DEBUG] cheese - null
[2023-07-06T19:43:44.272] [DEBUG] cheese - login => username:admin,password:123456
[2023-07-06T19:43:44.272] [DEBUG] cheese - admin
[2023-07-06T19:43:44.282] [DEBUG] cheese - null
[2023-07-06T19:43:44.283] [DEBUG] cheese - null
[2023-07-06T19:49:49.648] [DEBUG] cheese - login => username:admin,password:123456
[2023-07-06T19:49:49.649] [DEBUG] cheese - admin
[2023-07-06T19:49:49.656] [DEBUG] cheese - null
[2023-07-06T19:49:49.657] [DEBUG] cheese - null
[2023-07-06T19:49:49.745] [DEBUG] cheese - login => username:admin,password:123456
[2023-07-06T19:49:49.745] [DEBUG] cheese - admin
[2023-07-06T19:49:49.747] [DEBUG] cheese - null
[2023-07-06T19:49:49.747] [DEBUG] cheese - null
[2023-07-06T19:49:56.529] [DEBUG] cheese - login => username:admin,password:123456
[2023-07-06T19:49:56.529] [DEBUG] cheese - admin
[2023-07-06T19:49:56.533] [DEBUG] cheese - null
[2023-07-06T19:49:56.533] [DEBUG] cheese - null
[2023-07-06T20:50:43.110] [DEBUG] cheese - login => username:admin,password:123456
[2023-07-06T20:50:43.110] [DEBUG] cheese - admin
[2023-07-06T20:50:43.116] [DEBUG] cheese - null
[2023-07-06T20:50:43.116] [DEBUG] cheese - null
[2023-07-06T20:52:21.435] [DEBUG] cheese - login => username:admin,password:123456
[2023-07-06T20:52:21.436] [DEBUG] cheese - admin
[2023-07-06T20:52:21.441] [DEBUG] cheese - null
[2023-07-06T20:52:21.441] [DEBUG] cheese - null
[2023-07-06T21:00:59.657] [DEBUG] cheese - login => username:admin,password:123456
[2023-07-06T21:00:59.658] [DEBUG] cheese - admin
[2023-07-06T21:00:59.666] [DEBUG] cheese - null
[2023-07-06T21:00:59.666] [DEBUG] cheese - null
[2023-07-07T13:08:57.009] [DEBUG] cheese - login => username:admin,password:123456
[2023-07-07T13:08:57.011] [DEBUG] cheese - admin
[2023-07-07T13:08:57.021] [DEBUG] cheese - null
[2023-07-07T13:08:57.021] [DEBUG] cheese - null
[2023-07-07T13:15:17.515] [DEBUG] cheese - login => username:admin,password:123456
[2023-07-07T13:15:17.516] [DEBUG] cheese - admin
[2023-07-07T13:15:17.539] [DEBUG] cheese - null
[2023-07-07T13:15:17.539] [DEBUG] cheese - null
[2023-07-07T18:21:49.850] [DEBUG] cheese - login => username:admin,password:123456
[2023-07-07T18:21:49.852] [DEBUG] cheese - admin
[2023-07-07T18:21:49.874] [DEBUG] cheese - null
[2023-07-07T18:21:49.875] [DEBUG] cheese - null
[2023-07-07T18:32:03.310] [DEBUG] cheese - login => username:admin,password:123456
[2023-07-07T18:32:03.310] [DEBUG] cheese - admin
[2023-07-07T18:32:03.326] [DEBUG] cheese - null
[2023-07-07T18:32:03.326] [DEBUG] cheese - null
[2023-07-07T18:32:03.412] [DEBUG] cheese - login => username:admin,password:123456
[2023-07-07T18:32:03.413] [DEBUG] cheese - admin
[2023-07-07T18:32:03.416] [DEBUG] cheese - null
[2023-07-07T18:32:03.416] [DEBUG] cheese - null
[2023-07-08T14:57:04.486] [DEBUG] cheese - login => username:admin,password:123456
[2023-07-08T14:57:04.488] [DEBUG] cheese - admin
[2023-07-08T14:57:04.502] [DEBUG] cheese - null
[2023-07-08T14:57:04.502] [DEBUG] cheese - null
[2023-07-08T15:14:42.410] [DEBUG] cheese - login => username:admin,password:123456
[2023-07-08T15:14:42.411] [DEBUG] cheese - admin
[2023-07-08T15:14:42.419] [DEBUG] cheese - null
[2023-07-08T15:14:42.419] [DEBUG] cheese - null
[2023-07-08T15:45:03.535] [DEBUG] cheese - login => username:admin,password:123456
[2023-07-08T15:45:03.537] [DEBUG] cheese - admin
[2023-07-08T15:45:03.560] [DEBUG] cheese - null
[2023-07-08T15:45:03.560] [DEBUG] cheese - null
[2023-07-08T15:48:48.345] [DEBUG] cheese - login => username:admin,password:123456
[2023-07-08T15:48:48.346] [DEBUG] cheese - admin
[2023-07-08T15:48:48.359] [DEBUG] cheese - null
[2023-07-08T15:48:48.360] [DEBUG] cheese - null
[2023-07-08T19:05:48.084] [DEBUG] cheese - login => username:admin,password:123456
[2023-07-08T19:05:48.086] [DEBUG] cheese - admin
[2023-07-08T19:05:48.106] [DEBUG] cheese - null
[2023-07-08T19:05:48.107] [DEBUG] cheese - null
[2023-07-08T19:12:58.243] [DEBUG] cheese - login => username:admin,password:123456
[2023-07-08T19:12:58.244] [DEBUG] cheese - admin
[2023-07-08T19:12:58.256] [DEBUG] cheese - null
[2023-07-08T19:12:58.257] [DEBUG] cheese - null
[2023-07-08T19:13:11.115] [DEBUG] cheese - login => username:bcd123456,password:bcd123456
[2023-07-08T19:13:11.116] [DEBUG] cheese - bcd123456
[2023-07-08T19:13:11.129] [DEBUG] cheese - null
[2023-07-08T19:13:11.130] [DEBUG] cheese - null
[2023-07-08T19:13:11.254] [DEBUG] cheese - null
[2023-07-08T19:13:11.265] [DEBUG] cheese - null
[2023-07-08T19:13:14.591] [DEBUG] cheese - null
[2023-07-08T19:13:16.859] [DEBUG] cheese - null
[2023-07-08T19:13:16.867] [DEBUG] cheese - null
[2023-07-08T19:13:18.280] [DEBUG] cheese - null
[2023-07-08T19:13:18.287] [DEBUG] cheese - null
[2023-07-08T19:13:18.843] [DEBUG] cheese - null
[2023-07-08T19:13:18.846] [DEBUG] cheese - null
[2023-07-08T19:13:20.414] [DEBUG] cheese - null
[2023-07-08T19:13:20.420] [DEBUG] cheese - null
[2023-07-08T19:13:20.975] [DEBUG] cheese - null
[2023-07-08T19:13:20.987] [DEBUG] cheese - null
[2023-07-08T19:13:21.764] [DEBUG] cheese - null
[2023-07-08T19:13:21.772] [DEBUG] cheese - null
[2023-07-08T19:13:23.319] [DEBUG] cheese - null
[2023-07-08T19:13:23.325] [DEBUG] cheese - null
[2023-07-08T19:13:30.254] [DEBUG] cheese - null
[2023-07-08T19:13:30.261] [DEBUG] cheese - null
[2023-07-08T19:13:36.024] [DEBUG] cheese - null
[2023-07-08T19:13:36.027] [DEBUG] cheese - null
[2023-07-08T19:14:53.236] [DEBUG] cheese - login => username:admin,password:123456
[2023-07-08T19:14:53.236] [DEBUG] cheese - admin
[2023-07-08T19:14:53.239] [DEBUG] cheese - null
[2023-07-08T19:14:53.239] [DEBUG] cheese - null
[2023-07-08T19:15:08.955] [DEBUG] cheese - login => username:bcd123456,password:bgc123456
[2023-07-08T19:15:08.956] [DEBUG] cheese - bcd123456
[2023-07-08T19:15:08.969] [DEBUG] cheese - null
[2023-07-08T19:15:08.970] [DEBUG] cheese - null
[2023-07-08T19:15:18.955] [DEBUG] cheese - login => username:bcd123456,password:bcd123456
[2023-07-08T19:15:18.956] [DEBUG] cheese - bcd123456
[2023-07-08T19:15:18.967] [DEBUG] cheese - null
[2023-07-08T19:15:18.967] [DEBUG] cheese - null
[2023-07-08T19:15:19.086] [DEBUG] cheese - null
[2023-07-08T19:15:19.089] [DEBUG] cheese - null
[2023-07-08T19:15:25.947] [DEBUG] cheese - null
[2023-07-08T19:15:28.356] [DEBUG] cheese - null
[2023-07-08T19:15:28.364] [DEBUG] cheese - null
[2023-07-08T19:15:30.061] [DEBUG] cheese - null
[2023-07-08T19:15:30.070] [DEBUG] cheese - null
[2023-07-08T19:15:31.231] [DEBUG] cheese - null
[2023-07-08T19:15:31.239] [DEBUG] cheese - null
[2023-07-08T19:15:32.050] [DEBUG] cheese - null
[2023-07-08T19:15:32.058] [DEBUG] cheese - null
[2023-07-08T19:15:32.456] [DEBUG] cheese - null
[2023-07-08T19:15:32.463] [DEBUG] cheese - null
[2023-07-08T19:17:31.038] [DEBUG] cheese - login => username:admin,password:123456
[2023-07-08T19:17:31.038] [DEBUG] cheese - admin
[2023-07-08T19:17:31.044] [DEBUG] cheese - null
[2023-07-08T19:17:31.044] [DEBUG] cheese - null
